{
  "/dev/dummy/dummyUtil.js": {
    "path": "/dev/dummy/dummyUtil.js",
    "statementMap": {
      "0": {
        "start": {
          "line": 2,
          "column": 26
        },
        "end": {
          "line": 2,
          "column": 70
        }
      },
      "1": {
        "start": {
          "line": 3,
          "column": 23
        },
        "end": {
          "line": 3,
          "column": 64
        }
      },
      "2": {
        "start": {
          "line": 5,
          "column": 19
        },
        "end": {
          "line": 5,
          "column": 53
        }
      },
      "3": {
        "start": {
          "line": 10,
          "column": 2
        },
        "end": {
          "line": 10,
          "column": 76
        }
      },
      "4": {
        "start": {
          "line": 15,
          "column": 2
        },
        "end": {
          "line": 17,
          "column": 3
        }
      },
      "5": {
        "start": {
          "line": 16,
          "column": 4
        },
        "end": {
          "line": 16,
          "column": 30
        }
      },
      "6": {
        "start": {
          "line": 18,
          "column": 15
        },
        "end": {
          "line": 18,
          "column": 132
        }
      },
      "7": {
        "start": {
          "line": 19,
          "column": 2
        },
        "end": {
          "line": 19,
          "column": 71
        }
      },
      "8": {
        "start": {
          "line": 23,
          "column": 12
        },
        "end": {
          "line": 23,
          "column": 36
        }
      },
      "9": {
        "start": {
          "line": 24,
          "column": 18
        },
        "end": {
          "line": 24,
          "column": 31
        }
      },
      "10": {
        "start": {
          "line": 25,
          "column": 18
        },
        "end": {
          "line": 25,
          "column": 31
        }
      },
      "11": {
        "start": {
          "line": 26,
          "column": 22
        },
        "end": {
          "line": 26,
          "column": 39
        }
      },
      "12": {
        "start": {
          "line": 27,
          "column": 2
        },
        "end": {
          "line": 27,
          "column": 33
        }
      },
      "13": {
        "start": {
          "line": 31,
          "column": 12
        },
        "end": {
          "line": 31,
          "column": 36
        }
      },
      "14": {
        "start": {
          "line": 32,
          "column": 18
        },
        "end": {
          "line": 32,
          "column": 31
        }
      },
      "15": {
        "start": {
          "line": 33,
          "column": 18
        },
        "end": {
          "line": 33,
          "column": 31
        }
      },
      "16": {
        "start": {
          "line": 34,
          "column": 22
        },
        "end": {
          "line": 34,
          "column": 39
        }
      },
      "17": {
        "start": {
          "line": 35,
          "column": 2
        },
        "end": {
          "line": 35,
          "column": 33
        }
      },
      "18": {
        "start": {
          "line": 39,
          "column": 20
        },
        "end": {
          "line": 39,
          "column": 38
        }
      },
      "19": {
        "start": {
          "line": 41,
          "column": 2
        },
        "end": {
          "line": 43,
          "column": 3
        }
      },
      "20": {
        "start": {
          "line": 42,
          "column": 4
        },
        "end": {
          "line": 42,
          "column": 23
        }
      },
      "21": {
        "start": {
          "line": 44,
          "column": 2
        },
        "end": {
          "line": 44,
          "column": 47
        }
      },
      "22": {
        "start": {
          "line": 48,
          "column": 27
        },
        "end": {
          "line": 48,
          "column": 45
        }
      },
      "23": {
        "start": {
          "line": 49,
          "column": 14
        },
        "end": {
          "line": 49,
          "column": 44
        }
      },
      "24": {
        "start": {
          "line": 50,
          "column": 2
        },
        "end": {
          "line": 53,
          "column": 4
        }
      },
      "25": {
        "start": {
          "line": 51,
          "column": 23
        },
        "end": {
          "line": 51,
          "column": 35
        }
      },
      "26": {
        "start": {
          "line": 52,
          "column": 24
        },
        "end": {
          "line": 52,
          "column": 76
        }
      },
      "27": {
        "start": {
          "line": 56,
          "column": 19
        },
        "end": {
          "line": 70,
          "column": 1
        }
      },
      "28": {
        "start": {
          "line": 68,
          "column": 0
        },
        "end": {
          "line": 68,
          "column": 30
        }
      }
    },
    "fnMap": {
      "0": {
        "name": "decimals",
        "decl": {
          "start": {
            "line": 9,
            "column": 9
          },
          "end": {
            "line": 9,
            "column": 17
          }
        },
        "loc": {
          "start": {
            "line": 9,
            "column": 34
          },
          "end": {
            "line": 11,
            "column": 1
          }
        },
        "line": 9
      },
      "1": {
        "name": "multiply",
        "decl": {
          "start": {
            "line": 14,
            "column": 15
          },
          "end": {
            "line": 14,
            "column": 30
          }
        },
        "loc": {
          "start": {
            "line": 14,
            "column": 66
          },
          "end": {
            "line": 20,
            "column": 1
          }
        },
        "line": 14
      },
      "2": {
        "name": "subtract",
        "decl": {
          "start": {
            "line": 22,
            "column": 9
          },
          "end": {
            "line": 22,
            "column": 17
          }
        },
        "loc": {
          "start": {
            "line": 22,
            "column": 36
          },
          "end": {
            "line": 28,
            "column": 1
          }
        },
        "line": 22
      },
      "3": {
        "name": "add",
        "decl": {
          "start": {
            "line": 30,
            "column": 9
          },
          "end": {
            "line": 30,
            "column": 12
          }
        },
        "loc": {
          "start": {
            "line": 30,
            "column": 31
          },
          "end": {
            "line": 36,
            "column": 1
          }
        },
        "line": 30
      },
      "4": {
        "name": "format",
        "decl": {
          "start": {
            "line": 38,
            "column": 9
          },
          "end": {
            "line": 38,
            "column": 15
          }
        },
        "loc": {
          "start": {
            "line": 38,
            "column": 34
          },
          "end": {
            "line": 45,
            "column": 1
          }
        },
        "line": 38
      },
      "5": {
        "name": "divide",
        "decl": {
          "start": {
            "line": 47,
            "column": 9
          },
          "end": {
            "line": 47,
            "column": 23
          }
        },
        "loc": {
          "start": {
            "line": 47,
            "column": 34
          },
          "end": {
            "line": 54,
            "column": 1
          }
        },
        "line": 47
      },
      "6": {
        "name": "(anonymous_6)",
        "decl": {
          "start": {
            "line": 51,
            "column": 13
          },
          "end": {
            "line": 51,
            "column": 14
          }
        },
        "loc": {
          "start": {
            "line": 51,
            "column": 23
          },
          "end": {
            "line": 51,
            "column": 35
          }
        },
        "line": 51
      },
      "7": {
        "name": "(anonymous_7)",
        "decl": {
          "start": {
            "line": 52,
            "column": 14
          },
          "end": {
            "line": 52,
            "column": 15
          }
        },
        "loc": {
          "start": {
            "line": 52,
            "column": 24
          },
          "end": {
            "line": 52,
            "column": 76
          }
        },
        "line": 52
      }
    },
    "branchMap": {
      "0": {
        "loc": {
          "start": {
            "line": 10,
            "column": 9
          },
          "end": {
            "line": 10,
            "column": 75
          }
        },
        "type": "cond-expr",
        "locations": [
          {
            "start": {
              "line": 10,
              "column": 36
            },
            "end": {
              "line": 10,
              "column": 37
            }
          },
          {
            "start": {
              "line": 10,
              "column": 40
            },
            "end": {
              "line": 10,
              "column": 75
            }
          }
        ],
        "line": 10
      },
      "1": {
        "loc": {
          "start": {
            "line": 15,
            "column": 2
          },
          "end": {
            "line": 17,
            "column": 3
          }
        },
        "type": "if",
        "locations": [
          {
            "start": {
              "line": 15,
              "column": 2
            },
            "end": {
              "line": 17,
              "column": 3
            }
          },
          {
            "start": {
              "line": 15,
              "column": 2
            },
            "end": {
              "line": 17,
              "column": 3
            }
          }
        ],
        "line": 15
      },
      "2": {
        "loc": {
          "start": {
            "line": 18,
            "column": 15
          },
          "end": {
            "line": 18,
            "column": 132
          }
        },
        "type": "binary-expr",
        "locations": [
          {
            "start": {
              "line": 18,
              "column": 16
            },
            "end": {
              "line": 18,
              "column": 69
            }
          },
          {
            "start": {
              "line": 18,
              "column": 74
            },
            "end": {
              "line": 18,
              "column": 132
            }
          }
        ],
        "line": 18
      },
      "3": {
        "loc": {
          "start": {
            "line": 41,
            "column": 2
          },
          "end": {
            "line": 43,
            "column": 3
          }
        },
        "type": "if",
        "locations": [
          {
            "start": {
              "line": 41,
              "column": 2
            },
            "end": {
              "line": 43,
              "column": 3
            }
          },
          {
            "start": {
              "line": 41,
              "column": 2
            },
            "end": {
              "line": 43,
              "column": 3
            }
          }
        ],
        "line": 41
      },
      "4": {
        "loc": {
          "start": {
            "line": 67,
            "column": 2
          },
          "end": {
            "line": 69,
            "column": 3
          }
        },
        "type": "if",
        "locations": [
          {
            "start": {
              "line": 67,
              "column": 2
            },
            "end": {
              "line": 68,
              "column": 3
            }
          },
          {
            "start": {
              "line": 67,
              "column": 2
            },
            "end": {
              "line": 69,
              "column": 3
            }
          }
        ],
        "line": 67
      }
    },
    "s": {
      "0": 2,
      "1": 2,
      "2": 2,
      "3": 707,
      "4": 5,
      "5": 2,
      "6": 3,
      "7": 3,
      "8": 93,
      "9": 93,
      "10": 93,
      "11": 93,
      "12": 93,
      "13": 173,
      "14": 173,
      "15": 173,
      "16": 173,
      "17": 173,
      "18": 194,
      "19": 194,
      "20": 176,
      "21": 18,
      "22": 463,
      "23": 463,
      "24": 463,
      "25": 0,
      "26": 1401,
      "27": 2,
      "28": 0
    },
    "f": {
      "0": 707,
      "1": 5,
      "2": 93,
      "3": 173,
      "4": 194,
      "5": 463,
      "6": 941,
      "7": 1401
    },
    "b": {
      "0": [
        5,
        702
      ],
      "1": [
        2,
        3
      ],
      "2": [
        3,
        1
      ],
      "3": [
        176,
        18
      ],
      "4": [
        0,
        1
      ]
    },
    "_coverageSchema": "43e27e138ebfxxxxxxxxb082cf9a028302ed4184",
    "hash": "9c45xxxxxxxx46ed882668ada60b400b0319eb40",
    "contentHash": "bf6ba36e84dedf331916cxxxxxxxxe53"
  }
}